<?xml version="1.0" encoding="UTF-8"?>
<!-- Generated by org.testng.reporters.JUnitXMLReporter -->
<testsuite hostname="YogeshTayal" name="testElephant" tests="19" failures="1" timestamp="16 Jul 2020 15:14:26 GMT" time="2260.445" errors="0">
  <testcase name="TC001" time="68.939" classname="testElephant.TC_Elephant"/>
  <testcase name="TC002" time="112.453" classname="testElephant.TC_Elephant"/>
  <testcase name="TC003" time="99.038" classname="testElephant.TC_Elephant"/>
  <testcase name="TC004" time="65.05" classname="testElephant.TC_Elephant"/>
  <testcase name="TC005" time="82.893" classname="testElephant.TC_Elephant"/>
  <testcase name="TC006" time="159.66" classname="testElephant.TC_Elephant"/>
  <testcase name="TC007" time="235.675" classname="testElephant.TC_Elephant"/>
  <testcase name="TC008" time="365.767" classname="testElephant.TC_Elephant"/>
  <testcase name="TC009" time="137.719" classname="testElephant.TC_Elephant">
    <failure type="java.lang.NullPointerException">
      <![CDATA[java.lang.NullPointerException
	at java.lang.String.replace(Unknown Source)
	at resources.WebFunctions.click(WebFunctions.java:169)
	at SharedTC.STC_Vehicle.whoOperatesVehiclewithVin(STC_Vehicle.java:136)
	at testElephant.TC_Elephant.TC009(TC_Elephant.java:240)
... Removed 24 stack frames]]>
    </failure>
  </testcase> <!-- TC009 -->
  <testcase name="TC010" time="209.13" classname="testElephant.TC_Elephant"/>
  <testcase name="TC011" time="105.668" classname="testElephant.TC_Elephant"/>
  <testcase name="TC012" time="66.917" classname="testElephant.TC_Elephant"/>
  <testcase name="TC013" time="66.983" classname="testElephant.TC_Elephant"/>
  <testcase name="TC014" time="68.907" classname="testElephant.TC_Elephant"/>
  <testcase name="TC016" time="109.119" classname="testElephant.TC_Elephant"/>
  <testcase name="TC017" time="111.901" classname="testElephant.TC_Elephant"/>
  <testcase name="TC018" time="46.601" classname="testElephant.TC_Elephant"/>
  <testcase name="TC019" time="92.937" classname="testElephant.TC_Elephant"/>
  <testcase name="TC015" time="55.02" classname="testElephant.TC_Elephant"/>
</testsuite> <!-- testElephant -->
