<?xml version="1.0" encoding="UTF-8"?>
<testng-results skipped="0" failed="0" total="1" passed="1">
  <reporter-output>
  </reporter-output>
  <suite name="Suite" duration-ms="60431" started-at="2020-06-30T10:38:29Z" finished-at="2020-06-30T10:39:29Z">
    <groups>
    </groups>
    <test name="testElephant" duration-ms="60431" started-at="2020-06-30T10:38:29Z" finished-at="2020-06-30T10:39:29Z">
      <class name="testElephant.TC_Elephant">
        <test-method status="PASS" signature="openBrowser()[pri:0, instance:testElephant.TC_Elephant@5f341870]" name="openBrowser" is-config="true" duration-ms="89" started-at="2020-06-30T16:08:29Z" finished-at="2020-06-30T16:08:29Z">
          <reporter-output>
          </reporter-output>
        </test-method> <!-- openBrowser -->
        <test-method status="PASS" signature="TC009(java.lang.String)[pri:5, instance:testElephant.TC_Elephant@5f341870]" name="TC009" duration-ms="60385" started-at="2020-06-30T16:08:29Z" description="Verify Claims" finished-at="2020-06-30T16:09:29Z">
          <params>
            <param index="0">
              <value>
                <![CDATA[QA6]]>
              </value>
            </param>
          </params>
          <reporter-output>
          </reporter-output>
        </test-method> <!-- TC009 -->
      </class> <!-- testElephant.TC_Elephant -->
    </test> <!-- testElephant -->
  </suite> <!-- Suite -->
</testng-results>
